<?xml version="1.0" encoding="UTF-8"?>
<!-- Generated by org.testng.reporters.JUnitXMLReporter -->
<testsuite hostname="FX-JSJ880" name="OttAuth" tests="1" failures="0" timestamp="15 Sep 2014 08:15:30 GMT" time="99.375" errors="0">
  <testcase name="@BeforeTest setUp" time="0.0" classname="com.test.testcase.TestUI">
    <failure type="org.openqa.selenium.WebDriverException" message="Failed to connect to binary FirefoxBinary(C:\Program Files (x86)\Mozilla Firefox\firefox.exe) on port 7055; process output follows: 
escriptor&amp;quot;:&amp;quot;C:\\Users\\zhangfei\\AppData\\Local\\Temp\\anonymous101428403888459865webdriver-profile\\extensions\\easyscreenshot@mozillaonline.com.xpi&amp;quot;,&amp;quot;mtime&amp;quot;:1410768835512},&amp;quot;fennecinstaller@mozillaonline.com&amp;quot;:{&amp;quot;descriptor&amp;quot;:&amp;quot;C:\\Users\\zhangfei\\AppData\\Local\\Temp\\anonymous101428403888459865webdriver-profile\\extensions\\fennecinstaller@mozillaonline.com&amp;quot;,&amp;quot;mtime&amp;quot;:1410768835862,&amp;quot;rdfTime&amp;quot;:1405927806000},&amp;quot;fxdriver@googlecode.com&amp;quot;:{&amp;quot;descriptor&amp;quot;:&amp;quot;C:\\Users\\zhangfei\\AppData\\Local\\Temp\\anonymous101428403888459865webdriver-profile\\extensions\\fxdriver@googlecode.com&amp;quot;,&amp;quot;mtime&amp;quot;:1410768833738,&amp;quot;rdfTime&amp;quot;:1410768833628},&amp;quot;semodifier@mozillaonline.com&amp;quot;:{&amp;quot;descriptor&amp;quot;:&amp;quot;C:\\Users\\zhangfei\\AppData\\Local\\Temp\\anonymous101428403888459865webdriver-profile\\extensions\\semodifier@mozillaonline.com.xpi&amp;quot;,&amp;quot;mtime&amp;quot;:1410768835871},&amp;quot;tabimprovelite@mozillaonline.com&amp;quot;:{&amp;quot;descriptor&amp;quot;:&amp;quot;C:\\Users\\zhangfei\\AppData\\Local\\Temp\\anonymous101428403888459865webdriver-profile\\extensions\\tabimprovelite@mozillaonline.com.xpi&amp;quot;,&amp;quot;mtime&amp;quot;:1410768835886},&amp;quot;wx-assistant@mozillaonline.com&amp;quot;:{&amp;quot;descriptor&amp;quot;:&amp;quot;C:\\Users\\zhangfei\\AppData\\Local\\Temp\\anonymous101428403888459865webdriver-profile\\extensions\\wx-assistant@mozillaonline.com.xpi&amp;quot;,&amp;quot;mtime&amp;quot;:1410768835893}}}]
1410768837559	addons.xpi-utils	DEBUG	Opening XPI database C:\Users\zhangfei\AppData\Local\Temp\anonymous101428403888459865webdriver-profile\extensions.json
1410768837561	addons.xpi-utils	DEBUG	Successfully read XPI database
1410768837598	addons.xpi	DEBUG	No changes found
1410768837601	addons.xpi	DEBUG	Registering manifest for C:\Users\zhangfei\AppData\Local\Temp\anonymous101428403888459865webdriver-profile\extensions\commonfix@mozillaonline.com.xpi
1410768837602	addons.xpi	DEBUG	Loading bootstrap scope from C:\Users\zhangfei\AppData\Local\Temp\anonymous101428403888459865webdriver-profile\extensions\commonfix@mozillaonline.com.xpi
1410768837606	addons.xpi	DEBUG	Calling bootstrap method startup on commonfix@mozillaonline.com version 0.9
1410768837633	addons.xpi	DEBUG	Registering manifest for C:\Users\zhangfei\AppData\Local\Temp\anonymous101428403888459865webdriver-profile\extensions\semodifier@mozillaonline.com.xpi
1410768837634	addons.xpi	DEBUG	Loading bootstrap scope from C:\Users\zhangfei\AppData\Local\Temp\anonymous101428403888459865webdriver-profile\extensions\semodifier@mozillaonline.com.xpi
1410768837635	addons.xpi	DEBUG	Calling bootstrap method startup on semodifier@mozillaonline.com version 0.2
1410768837635	addons.xpi	DEBUG	Registering manifest for C:\Users\zhangfei\AppData\Local\Temp\anonymous101428403888459865webdriver-profile\extensions\wx-assistant@mozillaonline.com.xpi
1410768837635	addons.xpi	DEBUG	Loading bootstrap scope from C:\Users\zhangfei\AppData\Local\Temp\anonymous101428403888459865webdriver-profile\extensions\wx-assistant@mozillaonline.com.xpi
1410768837637	addons.xpi	DEBUG	Calling bootstrap method startup on wx-assistant@mozillaonline.com version 1.1.2
*** Blocklist::_loadBlocklistFromFile: blocklist is disabled
[ERROR] Can&amp;apos;t find Apple Application Support, OS is: Wow6432Node\
1410768839827	addons.repository	DEBUG	No addons.json found.
1410768839828	DeferredSave.addons.json	DEBUG	Save changes
1410768839830	DeferredSave.addons.json	DEBUG	Starting timer
1410768840092	DeferredSave.addons.json	DEBUG	Starting write
1410768840128	DeferredSave.addons.json	DEBUG	Write succeeded
System JS : WARNING resource://addoninstaller/log4moz.js:494 - mutating the [[Prototype]] of an object will cause your code to run very slowly; instead create the object with the correct initial [[Prototype]] value using Object.create
JavaScript error: chrome://browser/content/urlbarBindings.xml, line 677: aUrl is undefined
JavaScript error: chrome://browser/content/urlbarBindings.xml, line 677: aUrl is undefined
JavaScript error: chrome://browser/content/urlbarBindings.xml, line 677: aUrl is undefined
JavaScript error: chrome://browser/content/urlbarBindings.xml, line 677: aUrl is undefined
JavaScript error: chrome://browser/content/urlbarBindings.xml, line 677: aUrl is undefined

Build info: version: &amp;apos;2.34.0&amp;apos;, revision: &amp;apos;11cd0ef&amp;apos;, time: &amp;apos;2013-08-06 17:10:22&amp;apos;
System info: os.name: &amp;apos;Windows 7&amp;apos;, os.arch: &amp;apos;amd64&amp;apos;, os.version: &amp;apos;6.1&amp;apos;, java.version: &amp;apos;1.6.0_45&amp;apos;
Driver info: driver.version: FirefoxDriver">
      <![CDATA[org.openqa.selenium.WebDriverException: Failed to connect to binary FirefoxBinary(C:\Program Files (x86)\Mozilla Firefox\firefox.exe) on port 7055; process output follows: 
escriptor":"C:\\Users\\zhangfei\\AppData\\Local\\Temp\\anonymous101428403888459865webdriver-profile\\extensions\\easyscreenshot@mozillaonline.com.xpi","mtime":1410768835512},"fennecinstaller@mozillaonline.com":{"descriptor":"C:\\Users\\zhangfei\\AppData\\Local\\Temp\\anonymous101428403888459865webdriver-profile\\extensions\\fennecinstaller@mozillaonline.com","mtime":1410768835862,"rdfTime":1405927806000},"fxdriver@googlecode.com":{"descriptor":"C:\\Users\\zhangfei\\AppData\\Local\\Temp\\anonymous101428403888459865webdriver-profile\\extensions\\fxdriver@googlecode.com","mtime":1410768833738,"rdfTime":1410768833628},"semodifier@mozillaonline.com":{"descriptor":"C:\\Users\\zhangfei\\AppData\\Local\\Temp\\anonymous101428403888459865webdriver-profile\\extensions\\semodifier@mozillaonline.com.xpi","mtime":1410768835871},"tabimprovelite@mozillaonline.com":{"descriptor":"C:\\Users\\zhangfei\\AppData\\Local\\Temp\\anonymous101428403888459865webdriver-profile\\extensions\\tabimprovelite@mozillaonline.com.xpi","mtime":1410768835886},"wx-assistant@mozillaonline.com":{"descriptor":"C:\\Users\\zhangfei\\AppData\\Local\\Temp\\anonymous101428403888459865webdriver-profile\\extensions\\wx-assistant@mozillaonline.com.xpi","mtime":1410768835893}}}]
1410768837559	addons.xpi-utils	DEBUG	Opening XPI database C:\Users\zhangfei\AppData\Local\Temp\anonymous101428403888459865webdriver-profile\extensions.json
1410768837561	addons.xpi-utils	DEBUG	Successfully read XPI database
1410768837598	addons.xpi	DEBUG	No changes found
1410768837601	addons.xpi	DEBUG	Registering manifest for C:\Users\zhangfei\AppData\Local\Temp\anonymous101428403888459865webdriver-profile\extensions\commonfix@mozillaonline.com.xpi
1410768837602	addons.xpi	DEBUG	Loading bootstrap scope from C:\Users\zhangfei\AppData\Local\Temp\anonymous101428403888459865webdriver-profile\extensions\commonfix@mozillaonline.com.xpi
1410768837606	addons.xpi	DEBUG	Calling bootstrap method startup on commonfix@mozillaonline.com version 0.9
1410768837633	addons.xpi	DEBUG	Registering manifest for C:\Users\zhangfei\AppData\Local\Temp\anonymous101428403888459865webdriver-profile\extensions\semodifier@mozillaonline.com.xpi
1410768837634	addons.xpi	DEBUG	Loading bootstrap scope from C:\Users\zhangfei\AppData\Local\Temp\anonymous101428403888459865webdriver-profile\extensions\semodifier@mozillaonline.com.xpi
1410768837635	addons.xpi	DEBUG	Calling bootstrap method startup on semodifier@mozillaonline.com version 0.2
1410768837635	addons.xpi	DEBUG	Registering manifest for C:\Users\zhangfei\AppData\Local\Temp\anonymous101428403888459865webdriver-profile\extensions\wx-assistant@mozillaonline.com.xpi
1410768837635	addons.xpi	DEBUG	Loading bootstrap scope from C:\Users\zhangfei\AppData\Local\Temp\anonymous101428403888459865webdriver-profile\extensions\wx-assistant@mozillaonline.com.xpi
1410768837637	addons.xpi	DEBUG	Calling bootstrap method startup on wx-assistant@mozillaonline.com version 1.1.2
*** Blocklist::_loadBlocklistFromFile: blocklist is disabled
[ERROR] Can't find Apple Application Support, OS is: Wow6432Node\
1410768839827	addons.repository	DEBUG	No addons.json found.
1410768839828	DeferredSave.addons.json	DEBUG	Save changes
1410768839830	DeferredSave.addons.json	DEBUG	Starting timer
1410768840092	DeferredSave.addons.json	DEBUG	Starting write
1410768840128	DeferredSave.addons.json	DEBUG	Write succeeded
System JS : WARNING resource://addoninstaller/log4moz.js:494 - mutating the [[Prototype]] of an object will cause your code to run very slowly; instead create the object with the correct initial [[Prototype]] value using Object.create
JavaScript error: chrome://browser/content/urlbarBindings.xml, line 677: aUrl is undefined
JavaScript error: chrome://browser/content/urlbarBindings.xml, line 677: aUrl is undefined
JavaScript error: chrome://browser/content/urlbarBindings.xml, line 677: aUrl is undefined
JavaScript error: chrome://browser/content/urlbarBindings.xml, line 677: aUrl is undefined
JavaScript error: chrome://browser/content/urlbarBindings.xml, line 677: aUrl is undefined

Build info: version: '2.34.0', revision: '11cd0ef', time: '2013-08-06 17:10:22'
System info: os.name: 'Windows 7', os.arch: 'amd64', os.version: '6.1', java.version: '1.6.0_45'
Driver info: driver.version: FirefoxDriver
	at org.openqa.selenium.firefox.internal.NewProfileExtensionConnection.start(NewProfileExtensionConnection.java:118)
	at org.openqa.selenium.firefox.FirefoxDriver.startClient(FirefoxDriver.java:251)
	at org.openqa.selenium.remote.RemoteWebDriver.<init>(RemoteWebDriver.java:110)
	at org.openqa.selenium.firefox.FirefoxDriver.<init>(FirefoxDriver.java:197)
	at org.openqa.selenium.firefox.FirefoxDriver.<init>(FirefoxDriver.java:190)
	at org.openqa.selenium.firefox.FirefoxDriver.<init>(FirefoxDriver.java:186)
	at org.openqa.selenium.firefox.FirefoxDriver.<init>(FirefoxDriver.java:99)
	at com.test.base.DriverManager.getDriver(DriverManager.java:13)
	at com.test.base.TestBase.setUp(TestBase.java:35)
	at com.test.run.RunControl.runTestNG(RunControl.java:110)
	at com.test.run.Run.main(Run.java:10)
Caused by: org.openqa.selenium.firefox.NotConnectedException: Unable to connect to host 127.0.0.1 on port 7055 after 45000 ms. Firefox console output:
escriptor":"C:\\Users\\zhangfei\\AppData\\Local\\Temp\\anonymous101428403888459865webdriver-profile\\extensions\\easyscreenshot@mozillaonline.com.xpi","mtime":1410768835512},"fennecinstaller@mozillaonline.com":{"descriptor":"C:\\Users\\zhangfei\\AppData\\Local\\Temp\\anonymous101428403888459865webdriver-profile\\extensions\\fennecinstaller@mozillaonline.com","mtime":1410768835862,"rdfTime":1405927806000},"fxdriver@googlecode.com":{"descriptor":"C:\\Users\\zhangfei\\AppData\\Local\\Temp\\anonymous101428403888459865webdriver-profile\\extensions\\fxdriver@googlecode.com","mtime":1410768833738,"rdfTime":1410768833628},"semodifier@mozillaonline.com":{"descriptor":"C:\\Users\\zhangfei\\AppData\\Local\\Temp\\anonymous101428403888459865webdriver-profile\\extensions\\semodifier@mozillaonline.com.xpi","mtime":1410768835871},"tabimprovelite@mozillaonline.com":{"descriptor":"C:\\Users\\zhangfei\\AppData\\Local\\Temp\\anonymous101428403888459865webdriver-profile\\extensions\\tabimprovelite@mozillaonline.com.xpi","mtime":1410768835886},"wx-assistant@mozillaonline.com":{"descriptor":"C:\\Users\\zhangfei\\AppData\\Local\\Temp\\anonymous101428403888459865webdriver-profile\\extensions\\wx-assistant@mozillaonline.com.xpi","mtime":1410768835893}}}]
1410768837559	addons.xpi-utils	DEBUG	Opening XPI database C:\Users\zhangfei\AppData\Local\Temp\anonymous101428403888459865webdriver-profile\extensions.json
1410768837561	addons.xpi-utils	DEBUG	Successfully read XPI database
1410768837598	addons.xpi	DEBUG	No changes found
1410768837601	addons.xpi	DEBUG	Registering manifest for C:\Users\zhangfei\AppData\Local\Temp\anonymous101428403888459865webdriver-profile\extensions\commonfix@mozillaonline.com.xpi
1410768837602	addons.xpi	DEBUG	Loading bootstrap scope from C:\Users\zhangfei\AppData\Local\Temp\anonymous101428403888459865webdriver-profile\extensions\commonfix@mozillaonline.com.xpi
1410768837606	addons.xpi	DEBUG	Calling bootstrap method startup on commonfix@mozillaonline.com version 0.9
1410768837633	addons.xpi	DEBUG	Registering manifest for C:\Users\zhangfei\AppData\Local\Temp\anonymous101428403888459865webdriver-profile\extensions\semodifier@mozillaonline.com.xpi
1410768837634	addons.xpi	DEBUG	Loading bootstrap scope from C:\Users\zhangfei\AppData\Local\Temp\anonymous101428403888459865webdriver-profile\extensions\semodifier@mozillaonline.com.xpi
1410768837635	addons.xpi	DEBUG	Calling bootstrap method startup on semodifier@mozillaonline.com version 0.2
1410768837635	addons.xpi	DEBUG	Registering manifest for C:\Users\zhangfei\AppData\Local\Temp\anonymous101428403888459865webdriver-profile\extensions\wx-assistant@mozillaonline.com.xpi
1410768837635	addons.xpi	DEBUG	Loading bootstrap scope from C:\Users\zhangfei\AppData\Local\Temp\anonymous101428403888459865webdriver-profile\extensions\wx-assistant@mozillaonline.com.xpi
1410768837637	addons.xpi	DEBUG	Calling bootstrap method startup on wx-assistant@mozillaonline.com version 1.1.2
*** Blocklist::_loadBlocklistFromFile: blocklist is disabled
[ERROR] Can't find Apple Application Support, OS is: Wow6432Node\
1410768839827	addons.repository	DEBUG	No addons.json found.
1410768839828	DeferredSave.addons.json	DEBUG	Save changes
1410768839830	DeferredSave.addons.json	DEBUG	Starting timer
1410768840092	DeferredSave.addons.json	DEBUG	Starting write
1410768840128	DeferredSave.addons.json	DEBUG	Write succeeded
System JS : WARNING resource://addoninstaller/log4moz.js:494 - mutating the [[Prototype]] of an object will cause your code to run very slowly; instead create the object with the correct initial [[Prototype]] value using Object.create
JavaScript error: chrome://browser/content/urlbarBindings.xml, line 677: aUrl is undefined
JavaScript error: chrome://browser/content/urlbarBindings.xml, line 677: aUrl is undefined
JavaScript error: chrome://browser/content/urlbarBindings.xml, line 677: aUrl is undefined
JavaScript error: chrome://browser/content/urlbarBindings.xml, line 677: aUrl is undefined
JavaScript error: chrome://browser/content/urlbarBindings.xml, line 677: aUrl is undefined

	at org.openqa.selenium.firefox.internal.NewProfileExtensionConnection.start(NewProfileExtensionConnection.java:106)
	... 29 more
... Removed 19 stack frames]]>
    </failure>
  </testcase> <!-- @BeforeTest setUp -->
  <testcase name="@BeforeClass getTestCaseName" time="0.0" classname="com.test.testcase.TestUI">
    <skipped/>
  </testcase> <!-- @BeforeClass getTestCaseName -->
  <testcase name="@AfterTest tearDown" time="0.0" classname="com.test.testcase.TestUI">
    <failure type="org.openqa.selenium.WebDriverException" message="Failed to connect to binary FirefoxBinary(C:\Program Files (x86)\Mozilla Firefox\firefox.exe) on port 7055; process output follows: 
iver-profile\\extensions\\cpmanager@mozillaonline.com&amp;quot;,&amp;quot;mtime&amp;quot;:1410768884039,&amp;quot;rdfTime&amp;quot;:1409042500000},&amp;quot;easyscreenshot@mozillaonline.com&amp;quot;:{&amp;quot;descriptor&amp;quot;:&amp;quot;C:\\Users\\zhangfei\\AppData\\Local\\Temp\\anonymous7678838577235202204webdriver-profile\\extensions\\easyscreenshot@mozillaonline.com.xpi&amp;quot;,&amp;quot;mtime&amp;quot;:1410768884044},&amp;quot;fennecinstaller@mozillaonline.com&amp;quot;:{&amp;quot;descriptor&amp;quot;:&amp;quot;C:\\Users\\zhangfei\\AppData\\Local\\Temp\\anonymous7678838577235202204webdriver-profile\\extensions\\fennecinstaller@mozillaonline.com&amp;quot;,&amp;quot;mtime&amp;quot;:1410768884087,&amp;quot;rdfTime&amp;quot;:1405927806000},&amp;quot;fxdriver@googlecode.com&amp;quot;:{&amp;quot;descriptor&amp;quot;:&amp;quot;C:\\Users\\zhangfei\\AppData\\Local\\Temp\\anonymous7678838577235202204webdriver-profile\\extensions\\fxdriver@googlecode.com&amp;quot;,&amp;quot;mtime&amp;quot;:1410768882781,&amp;quot;rdfTime&amp;quot;:1410768882661},&amp;quot;semodifier@mozillaonline.com&amp;quot;:{&amp;quot;descriptor&amp;quot;:&amp;quot;C:\\Users\\zhangfei\\AppData\\Local\\Temp\\anonymous7678838577235202204webdriver-profile\\extensions\\semodifier@mozillaonline.com.xpi&amp;quot;,&amp;quot;mtime&amp;quot;:1410768884090},&amp;quot;tabimprovelite@mozillaonline.com&amp;quot;:{&amp;quot;descriptor&amp;quot;:&amp;quot;C:\\Users\\zhangfei\\AppData\\Local\\Temp\\anonymous7678838577235202204webdriver-profile\\extensions\\tabimprovelite@mozillaonline.com.xpi&amp;quot;,&amp;quot;mtime&amp;quot;:1410768884094},&amp;quot;wx-assistant@mozillaonline.com&amp;quot;:{&amp;quot;descriptor&amp;quot;:&amp;quot;C:\\Users\\zhangfei\\AppData\\Local\\Temp\\anonymous7678838577235202204webdriver-profile\\extensions\\wx-assistant@mozillaonline.com.xpi&amp;quot;,&amp;quot;mtime&amp;quot;:1410768884098}}}]
1410768885760	addons.xpi-utils	DEBUG	Opening XPI database C:\Users\zhangfei\AppData\Local\Temp\anonymous7678838577235202204webdriver-profile\extensions.json
1410768885761	addons.xpi-utils	DEBUG	Successfully read XPI database
1410768885799	addons.xpi	DEBUG	No changes found
1410768885802	addons.xpi	DEBUG	Registering manifest for C:\Users\zhangfei\AppData\Local\Temp\anonymous7678838577235202204webdriver-profile\extensions\commonfix@mozillaonline.com.xpi
1410768885802	addons.xpi	DEBUG	Loading bootstrap scope from C:\Users\zhangfei\AppData\Local\Temp\anonymous7678838577235202204webdriver-profile\extensions\commonfix@mozillaonline.com.xpi
1410768885807	addons.xpi	DEBUG	Calling bootstrap method startup on commonfix@mozillaonline.com version 0.9
1410768885836	addons.xpi	DEBUG	Registering manifest for C:\Users\zhangfei\AppData\Local\Temp\anonymous7678838577235202204webdriver-profile\extensions\semodifier@mozillaonline.com.xpi
1410768885836	addons.xpi	DEBUG	Loading bootstrap scope from C:\Users\zhangfei\AppData\Local\Temp\anonymous7678838577235202204webdriver-profile\extensions\semodifier@mozillaonline.com.xpi
1410768885837	addons.xpi	DEBUG	Calling bootstrap method startup on semodifier@mozillaonline.com version 0.2
1410768885838	addons.xpi	DEBUG	Registering manifest for C:\Users\zhangfei\AppData\Local\Temp\anonymous7678838577235202204webdriver-profile\extensions\wx-assistant@mozillaonline.com.xpi
1410768885838	addons.xpi	DEBUG	Loading bootstrap scope from C:\Users\zhangfei\AppData\Local\Temp\anonymous7678838577235202204webdriver-profile\extensions\wx-assistant@mozillaonline.com.xpi
1410768885840	addons.xpi	DEBUG	Calling bootstrap method startup on wx-assistant@mozillaonline.com version 1.1.2
*** Blocklist::_loadBlocklistFromFile: blocklist is disabled
[ERROR] Can&amp;apos;t find Apple Application Support, OS is: Wow6432Node\
1410768887807	addons.repository	DEBUG	No addons.json found.
1410768887808	DeferredSave.addons.json	DEBUG	Save changes
1410768887809	DeferredSave.addons.json	DEBUG	Starting timer
1410768887926	DeferredSave.addons.json	DEBUG	Starting write
1410768887954	DeferredSave.addons.json	DEBUG	Write succeeded
System JS : ERROR file:///C:/Users/zhangfei/AppData/Local/Temp/anonymous7678838577235202204webdriver-profile/extensions/cpmanager@mozillaonline.com/components/mozCNGuard.js:159 - TypeError: w.gBrowser is undefined
System JS : WARNING resource://addoninstaller/log4moz.js:494 - mutating the [[Prototype]] of an object will cause your code to run very slowly; instead create the object with the correct initial [[Prototype]] value using Object.create
JavaScript error: chrome://browser/content/urlbarBindings.xml, line 677: aUrl is undefined

Build info: version: &amp;apos;2.34.0&amp;apos;, revision: &amp;apos;11cd0ef&amp;apos;, time: &amp;apos;2013-08-06 17:10:22&amp;apos;
System info: os.name: &amp;apos;Windows 7&amp;apos;, os.arch: &amp;apos;amd64&amp;apos;, os.version: &amp;apos;6.1&amp;apos;, java.version: &amp;apos;1.6.0_45&amp;apos;
Driver info: driver.version: FirefoxDriver">
      <![CDATA[org.openqa.selenium.WebDriverException: Failed to connect to binary FirefoxBinary(C:\Program Files (x86)\Mozilla Firefox\firefox.exe) on port 7055; process output follows: 
iver-profile\\extensions\\cpmanager@mozillaonline.com","mtime":1410768884039,"rdfTime":1409042500000},"easyscreenshot@mozillaonline.com":{"descriptor":"C:\\Users\\zhangfei\\AppData\\Local\\Temp\\anonymous7678838577235202204webdriver-profile\\extensions\\easyscreenshot@mozillaonline.com.xpi","mtime":1410768884044},"fennecinstaller@mozillaonline.com":{"descriptor":"C:\\Users\\zhangfei\\AppData\\Local\\Temp\\anonymous7678838577235202204webdriver-profile\\extensions\\fennecinstaller@mozillaonline.com","mtime":1410768884087,"rdfTime":1405927806000},"fxdriver@googlecode.com":{"descriptor":"C:\\Users\\zhangfei\\AppData\\Local\\Temp\\anonymous7678838577235202204webdriver-profile\\extensions\\fxdriver@googlecode.com","mtime":1410768882781,"rdfTime":1410768882661},"semodifier@mozillaonline.com":{"descriptor":"C:\\Users\\zhangfei\\AppData\\Local\\Temp\\anonymous7678838577235202204webdriver-profile\\extensions\\semodifier@mozillaonline.com.xpi","mtime":1410768884090},"tabimprovelite@mozillaonline.com":{"descriptor":"C:\\Users\\zhangfei\\AppData\\Local\\Temp\\anonymous7678838577235202204webdriver-profile\\extensions\\tabimprovelite@mozillaonline.com.xpi","mtime":1410768884094},"wx-assistant@mozillaonline.com":{"descriptor":"C:\\Users\\zhangfei\\AppData\\Local\\Temp\\anonymous7678838577235202204webdriver-profile\\extensions\\wx-assistant@mozillaonline.com.xpi","mtime":1410768884098}}}]
1410768885760	addons.xpi-utils	DEBUG	Opening XPI database C:\Users\zhangfei\AppData\Local\Temp\anonymous7678838577235202204webdriver-profile\extensions.json
1410768885761	addons.xpi-utils	DEBUG	Successfully read XPI database
1410768885799	addons.xpi	DEBUG	No changes found
1410768885802	addons.xpi	DEBUG	Registering manifest for C:\Users\zhangfei\AppData\Local\Temp\anonymous7678838577235202204webdriver-profile\extensions\commonfix@mozillaonline.com.xpi
1410768885802	addons.xpi	DEBUG	Loading bootstrap scope from C:\Users\zhangfei\AppData\Local\Temp\anonymous7678838577235202204webdriver-profile\extensions\commonfix@mozillaonline.com.xpi
1410768885807	addons.xpi	DEBUG	Calling bootstrap method startup on commonfix@mozillaonline.com version 0.9
1410768885836	addons.xpi	DEBUG	Registering manifest for C:\Users\zhangfei\AppData\Local\Temp\anonymous7678838577235202204webdriver-profile\extensions\semodifier@mozillaonline.com.xpi
1410768885836	addons.xpi	DEBUG	Loading bootstrap scope from C:\Users\zhangfei\AppData\Local\Temp\anonymous7678838577235202204webdriver-profile\extensions\semodifier@mozillaonline.com.xpi
1410768885837	addons.xpi	DEBUG	Calling bootstrap method startup on semodifier@mozillaonline.com version 0.2
1410768885838	addons.xpi	DEBUG	Registering manifest for C:\Users\zhangfei\AppData\Local\Temp\anonymous7678838577235202204webdriver-profile\extensions\wx-assistant@mozillaonline.com.xpi
1410768885838	addons.xpi	DEBUG	Loading bootstrap scope from C:\Users\zhangfei\AppData\Local\Temp\anonymous7678838577235202204webdriver-profile\extensions\wx-assistant@mozillaonline.com.xpi
1410768885840	addons.xpi	DEBUG	Calling bootstrap method startup on wx-assistant@mozillaonline.com version 1.1.2
*** Blocklist::_loadBlocklistFromFile: blocklist is disabled
[ERROR] Can't find Apple Application Support, OS is: Wow6432Node\
1410768887807	addons.repository	DEBUG	No addons.json found.
1410768887808	DeferredSave.addons.json	DEBUG	Save changes
1410768887809	DeferredSave.addons.json	DEBUG	Starting timer
1410768887926	DeferredSave.addons.json	DEBUG	Starting write
1410768887954	DeferredSave.addons.json	DEBUG	Write succeeded
System JS : ERROR file:///C:/Users/zhangfei/AppData/Local/Temp/anonymous7678838577235202204webdriver-profile/extensions/cpmanager@mozillaonline.com/components/mozCNGuard.js:159 - TypeError: w.gBrowser is undefined
System JS : WARNING resource://addoninstaller/log4moz.js:494 - mutating the [[Prototype]] of an object will cause your code to run very slowly; instead create the object with the correct initial [[Prototype]] value using Object.create
JavaScript error: chrome://browser/content/urlbarBindings.xml, line 677: aUrl is undefined

Build info: version: '2.34.0', revision: '11cd0ef', time: '2013-08-06 17:10:22'
System info: os.name: 'Windows 7', os.arch: 'amd64', os.version: '6.1', java.version: '1.6.0_45'
Driver info: driver.version: FirefoxDriver
	at org.openqa.selenium.firefox.internal.NewProfileExtensionConnection.start(NewProfileExtensionConnection.java:118)
	at org.openqa.selenium.firefox.FirefoxDriver.startClient(FirefoxDriver.java:251)
	at org.openqa.selenium.remote.RemoteWebDriver.<init>(RemoteWebDriver.java:110)
	at org.openqa.selenium.firefox.FirefoxDriver.<init>(FirefoxDriver.java:197)
	at org.openqa.selenium.firefox.FirefoxDriver.<init>(FirefoxDriver.java:190)
	at org.openqa.selenium.firefox.FirefoxDriver.<init>(FirefoxDriver.java:186)
	at org.openqa.selenium.firefox.FirefoxDriver.<init>(FirefoxDriver.java:99)
	at com.test.base.DriverManager.getDriver(DriverManager.java:13)
	at com.test.base.TestBase.tearDown(TestBase.java:40)
	at com.test.run.RunControl.runTestNG(RunControl.java:110)
	at com.test.run.Run.main(Run.java:10)
Caused by: org.openqa.selenium.firefox.NotConnectedException: Unable to connect to host 127.0.0.1 on port 7055 after 45000 ms. Firefox console output:
iver-profile\\extensions\\cpmanager@mozillaonline.com","mtime":1410768884039,"rdfTime":1409042500000},"easyscreenshot@mozillaonline.com":{"descriptor":"C:\\Users\\zhangfei\\AppData\\Local\\Temp\\anonymous7678838577235202204webdriver-profile\\extensions\\easyscreenshot@mozillaonline.com.xpi","mtime":1410768884044},"fennecinstaller@mozillaonline.com":{"descriptor":"C:\\Users\\zhangfei\\AppData\\Local\\Temp\\anonymous7678838577235202204webdriver-profile\\extensions\\fennecinstaller@mozillaonline.com","mtime":1410768884087,"rdfTime":1405927806000},"fxdriver@googlecode.com":{"descriptor":"C:\\Users\\zhangfei\\AppData\\Local\\Temp\\anonymous7678838577235202204webdriver-profile\\extensions\\fxdriver@googlecode.com","mtime":1410768882781,"rdfTime":1410768882661},"semodifier@mozillaonline.com":{"descriptor":"C:\\Users\\zhangfei\\AppData\\Local\\Temp\\anonymous7678838577235202204webdriver-profile\\extensions\\semodifier@mozillaonline.com.xpi","mtime":1410768884090},"tabimprovelite@mozillaonline.com":{"descriptor":"C:\\Users\\zhangfei\\AppData\\Local\\Temp\\anonymous7678838577235202204webdriver-profile\\extensions\\tabimprovelite@mozillaonline.com.xpi","mtime":1410768884094},"wx-assistant@mozillaonline.com":{"descriptor":"C:\\Users\\zhangfei\\AppData\\Local\\Temp\\anonymous7678838577235202204webdriver-profile\\extensions\\wx-assistant@mozillaonline.com.xpi","mtime":1410768884098}}}]
1410768885760	addons.xpi-utils	DEBUG	Opening XPI database C:\Users\zhangfei\AppData\Local\Temp\anonymous7678838577235202204webdriver-profile\extensions.json
1410768885761	addons.xpi-utils	DEBUG	Successfully read XPI database
1410768885799	addons.xpi	DEBUG	No changes found
1410768885802	addons.xpi	DEBUG	Registering manifest for C:\Users\zhangfei\AppData\Local\Temp\anonymous7678838577235202204webdriver-profile\extensions\commonfix@mozillaonline.com.xpi
1410768885802	addons.xpi	DEBUG	Loading bootstrap scope from C:\Users\zhangfei\AppData\Local\Temp\anonymous7678838577235202204webdriver-profile\extensions\commonfix@mozillaonline.com.xpi
1410768885807	addons.xpi	DEBUG	Calling bootstrap method startup on commonfix@mozillaonline.com version 0.9
1410768885836	addons.xpi	DEBUG	Registering manifest for C:\Users\zhangfei\AppData\Local\Temp\anonymous7678838577235202204webdriver-profile\extensions\semodifier@mozillaonline.com.xpi
1410768885836	addons.xpi	DEBUG	Loading bootstrap scope from C:\Users\zhangfei\AppData\Local\Temp\anonymous7678838577235202204webdriver-profile\extensions\semodifier@mozillaonline.com.xpi
1410768885837	addons.xpi	DEBUG	Calling bootstrap method startup on semodifier@mozillaonline.com version 0.2
1410768885838	addons.xpi	DEBUG	Registering manifest for C:\Users\zhangfei\AppData\Local\Temp\anonymous7678838577235202204webdriver-profile\extensions\wx-assistant@mozillaonline.com.xpi
1410768885838	addons.xpi	DEBUG	Loading bootstrap scope from C:\Users\zhangfei\AppData\Local\Temp\anonymous7678838577235202204webdriver-profile\extensions\wx-assistant@mozillaonline.com.xpi
1410768885840	addons.xpi	DEBUG	Calling bootstrap method startup on wx-assistant@mozillaonline.com version 1.1.2
*** Blocklist::_loadBlocklistFromFile: blocklist is disabled
[ERROR] Can't find Apple Application Support, OS is: Wow6432Node\
1410768887807	addons.repository	DEBUG	No addons.json found.
1410768887808	DeferredSave.addons.json	DEBUG	Save changes
1410768887809	DeferredSave.addons.json	DEBUG	Starting timer
1410768887926	DeferredSave.addons.json	DEBUG	Starting write
1410768887954	DeferredSave.addons.json	DEBUG	Write succeeded
System JS : ERROR file:///C:/Users/zhangfei/AppData/Local/Temp/anonymous7678838577235202204webdriver-profile/extensions/cpmanager@mozillaonline.com/components/mozCNGuard.js:159 - TypeError: w.gBrowser is undefined
System JS : WARNING resource://addoninstaller/log4moz.js:494 - mutating the [[Prototype]] of an object will cause your code to run very slowly; instead create the object with the correct initial [[Prototype]] value using Object.create
JavaScript error: chrome://browser/content/urlbarBindings.xml, line 677: aUrl is undefined

	at org.openqa.selenium.firefox.internal.NewProfileExtensionConnection.start(NewProfileExtensionConnection.java:106)
	... 29 more
... Removed 19 stack frames]]>
    </failure>
  </testcase> <!-- @AfterTest tearDown -->
  <testcase name="testUI" time="0.0" classname="com.test.testcase.TestUI">
    <skipped/>
  </testcase> <!-- testUI -->
</testsuite> <!-- OttAuth -->
